
Status: FAILED!
Check: 1
Test: Implement a `while` loop.
Reason: Unable to find 'a `while` loop' in the program.
Error : str - AssertionError
Timestamp: 2024-10-29 19:51:37.756529
