
Status: FAILED!
Check: 1
Test: The program accumulates totals and displays the report.
Reason: Unable to find '['6']' in the program's output.

WEEKLY HOURS WORKED


Enter day of week or done to quit: Enter hours worked: Monday: 4
Enter day of week or done to quit: Enter hours worked: Monday: 2
Enter day of week or done to quit: Enter hours worked: 
End of input detected. Exiting program.
Total hours worked by all employees for the week: 0
.
Error : AssertionError - Unable to find a number close enough to 6 (+/-0.00) in the program's output.
Timestamp: 2024-10-29 19:48:23.808034

Status: FAILED!
Check: 2
Test: The program accumulates totals and displays the report.
Reason: Unable to find '['8', '7']' in the program's output.

WEEKLY HOURS WORKED


Enter day of week or done to quit: Enter hours worked: Monday: 4
Enter day of week or done to quit: Enter hours worked: Monday: 4
Enter day of week or done to quit: Enter hours worked:               Previous Day Total: 8
Tuesday: 5
Enter day of week or done to quit: Enter hours worked: Tuesday: 2
Enter day of week or done to quit: Enter hours worked: 
End of input detected. Exiting program.
Total hours worked by all employees for the week: 8
.
Error : AssertionError - Unable to find a number close enough to 7 (+/-0.00) in the program's output.
Timestamp: 2024-10-29 19:48:23.824181

Status: PASSED!
Check: 3
Test: The program accumulates totals and displays the report.
Reason: None
Timestamp: 2024-10-29 19:48:23.839941
