
Status: FAILED!
Check: 1
Test: Initialize an integer variable named `currentAge`. Initialize this variable with your current age.
Reason: Unable to find 'currentAge = <YOUR_AGE>' in the program.
Error : str - AssertionError
Timestamp: 2024-10-14 19:46:53.295427
