
Status: FAILED!
Check: 1
Test: Initialize an integer variable named `currentYear`. Initialize this variable with the value of the current year. Use four digits for the year.
Reason: Unable to find 'currentYear = 2024' in the program.
Error : str - AssertionError
Timestamp: 2024-10-14 19:33:48.990979
