
Status: FAILED!
Check: 1
Test: This task will always fail.
Reason: This task will always fail.
Error : AssertionError - 
Timestamp: 2024-09-13 21:44:40.269981
