
Status: FAILED!
Check: 1
Test: Implement `while` loops where indicated.
Reason: Unable to find '`while`' in the program. 
Expected to find at least 3 instances, but found 1.
Error : str - AssertionError
Timestamp: 2024-10-16 16:29:27.372956
