
Status: FAILED!
Check: 1
Test: Check for nested `if` statements.
Reason: Make sure your `if` statements are nested.
Error : str - AssertionError
Timestamp: 2024-10-15 18:10:42.209680
